<?xml version="1.0" encoding="UTF-8"?>
<!-- Generated by org.testng.reporters.JUnitReportReporter -->
<testsuite hostname="LAPTOP-RN546OOE" failures="0" tests="1" name="testCases.Test_User_Role" time="5.711" errors="0" timestamp="2023-05-01T23:41:44 GMT-04:00" skipped="0">
  <testcase classname="testCases.Test_User_Role" name="checkUserRole" time="5.711"/>
  <system-out/>
</testsuite> <!-- testCases.Test_User_Role -->
