<?xml version="1.0" encoding="UTF-8"?>
<!-- Generated by org.testng.reporters.JUnitReportReporter -->
<testsuite hostname="LAPTOP-RN546OOE" failures="0" tests="1" name="testCases.Test_Pending_Leave_Request" time="3.722" errors="0" timestamp="2023-05-01T23:41:44 GMT-04:00" skipped="0">
  <testcase classname="testCases.Test_Pending_Leave_Request" name="verifyPendingLeaveRequests" time="3.722"/>
  <system-out/>
</testsuite> <!-- testCases.Test_Pending_Leave_Request -->
